<?xml version="1.0" encoding="UTF-8"?>
<testng-results skipped="0" failed="0" total="1" passed="1">
  <reporter-output>
  </reporter-output>
  <suite name="Default suite" duration-ms="23130" started-at="2017-09-06T12:23:14Z" finished-at="2017-09-06T12:23:37Z">
    <groups>
    </groups>
    <test name="Default test" duration-ms="23130" started-at="2017-09-06T12:23:14Z" finished-at="2017-09-06T12:23:37Z">
      <class name="comdemo.Hello">
        <test-method status="PASS" signature="test001()[pri:0, instance:comdemo.Hello@5c7fa833]" name="test001" duration-ms="23096" started-at="2017-09-06T17:53:14Z" finished-at="2017-09-06T17:53:37Z">
          <reporter-output>
          </reporter-output>
        </test-method> <!-- test001 -->
      </class> <!-- comdemo.Hello -->
    </test> <!-- Default test -->
  </suite> <!-- Default suite -->
</testng-results>
